<?xml version="1.0" encoding="UTF-8"?>
<!-- Generated by org.testng.reporters.JUnitReportReporter -->
<testsuite skipped="0" hostname="DESKTOP-7OSFT5G" name="ngtest.day3" tests="2" failures="0" timestamp="13 Mar 2018 03:09:28 GMT" time="0.002" errors="0">
  <testcase name="WebLoginCarlon" time="0.001" classname="ngtest.day3"/>
  <testcase name="LoginAPICarlon" time="0.001" classname="ngtest.day3"/>
</testsuite> <!-- ngtest.day3 -->
