<?xml version="1.0" encoding="UTF-8"?>
<!-- Generated by org.testng.reporters.JUnitReportReporter -->
<testsuite skipped="0" hostname="DESKTOP-7OSFT5G" name="ngtest.day2" tests="1" failures="0" timestamp="13 Mar 2018 03:09:28 GMT" time="0.004" errors="0">
  <testcase name="de" time="0.004" classname="ngtest.day2"/>
</testsuite> <!-- ngtest.day2 -->
